2020-03-03 13:30:07.540 |-DEBUG [restartedMain] org.springframework.web.context.ContextLoader [278] -| Published root WebApplicationContext as ServletContext attribute with name [org.springframework.web.context.WebApplicationContext.ROOT]
2020-03-03 13:30:07.543 |-INFO  [restartedMain] org.springframework.web.context.ContextLoader [284] -| Root WebApplicationContext: initialization completed in 1216 ms
2020-03-03 13:30:07.875 |-DEBUG [restartedMain] org.springframework.web.servlet.mvc.method.annotation.RequestMappingHandlerAdapter [615] -| ControllerAdvice beans: 0 @ModelAttribute, 0 @InitBinder, 1 RequestBodyAdvice, 1 ResponseBodyAdvice
2020-03-03 13:30:07.933 |-DEBUG [restartedMain] org.springframework.web.servlet.mvc.method.annotation.RequestMappingHandlerMapping [351] -| 3 mappings in 'requestMappingHandlerMapping'
2020-03-03 13:30:07.977 |-DEBUG [restartedMain] org.springframework.web.servlet.handler.SimpleUrlHandlerMapping [173] -| Patterns [/webjars/**, /**] in 'resourceHandlerMapping'
2020-03-03 13:30:07.988 |-DEBUG [restartedMain] org.springframework.web.servlet.mvc.method.annotation.ExceptionHandlerExceptionResolver [297] -| ControllerAdvice beans: 0 @ExceptionHandler, 1 ResponseBodyAdvice
2020-03-03 13:31:10.534 |-DEBUG [restartedMain] org.springframework.web.context.ContextLoader [278] -| Published root WebApplicationContext as ServletContext attribute with name [org.springframework.web.context.WebApplicationContext.ROOT]
2020-03-03 13:31:10.537 |-INFO  [restartedMain] org.springframework.web.context.ContextLoader [284] -| Root WebApplicationContext: initialization completed in 884 ms
2020-03-03 13:31:10.829 |-DEBUG [restartedMain] org.springframework.web.servlet.mvc.method.annotation.RequestMappingHandlerAdapter [615] -| ControllerAdvice beans: 0 @ModelAttribute, 0 @InitBinder, 1 RequestBodyAdvice, 1 ResponseBodyAdvice
2020-03-03 13:31:10.865 |-DEBUG [restartedMain] org.springframework.web.servlet.mvc.method.annotation.RequestMappingHandlerMapping [351] -| 3 mappings in 'requestMappingHandlerMapping'
2020-03-03 13:31:10.896 |-DEBUG [restartedMain] org.springframework.web.servlet.handler.SimpleUrlHandlerMapping [173] -| Patterns [/webjars/**, /**] in 'resourceHandlerMapping'
2020-03-03 13:31:10.904 |-DEBUG [restartedMain] org.springframework.web.servlet.mvc.method.annotation.ExceptionHandlerExceptionResolver [297] -| ControllerAdvice beans: 0 @ExceptionHandler, 1 ResponseBodyAdvice
2020-03-03 13:31:51.400 |-INFO  [http-nio-8080-exec-1] org.springframework.web.servlet.DispatcherServlet [525] -| Initializing Servlet 'dispatcherServlet'
2020-03-03 13:31:51.401 |-DEBUG [http-nio-8080-exec-1] org.springframework.web.servlet.DispatcherServlet [526] -| Detected StandardServletMultipartResolver
2020-03-03 13:31:51.411 |-DEBUG [http-nio-8080-exec-1] org.springframework.web.servlet.DispatcherServlet [542] -| enableLoggingRequestDetails='false': request parameters and headers will be masked to prevent unsafe logging of potentially sensitive data
2020-03-03 13:31:51.411 |-INFO  [http-nio-8080-exec-1] org.springframework.web.servlet.DispatcherServlet [547] -| Completed initialization in 10 ms
2020-03-03 13:31:51.420 |-DEBUG [http-nio-8080-exec-1] org.springframework.web.servlet.DispatcherServlet [91] -| GET "/show", parameters={}
2020-03-03 13:31:51.424 |-DEBUG [http-nio-8080-exec-1] org.springframework.web.servlet.mvc.method.annotation.RequestMappingHandlerMapping [414] -| Mapped to com.ymdx.web.TestController#show(String, String)
2020-03-03 13:31:51.469 |-DEBUG [http-nio-8080-exec-1] org.springframework.web.servlet.mvc.method.annotation.RequestResponseBodyMethodProcessor [273] -| Using 'text/html', given [text/html, application/xhtml+xml, image/webp, image/apng, application/xml;q=0.9, application/signed-exchange;v=b3;q=0.9, */*;q=0.8] and supported [text/plain, */*, text/plain, */*, application/json, application/*+json, application/json, application/*+json]
2020-03-03 13:31:51.469 |-DEBUG [http-nio-8080-exec-1] org.springframework.web.servlet.mvc.method.annotation.RequestResponseBodyMethodProcessor [91] -| Writing ["name = null; age = null"]
2020-03-03 13:31:51.475 |-DEBUG [http-nio-8080-exec-1] org.springframework.web.servlet.DispatcherServlet [1131] -| Completed 200 OK
2020-03-03 13:32:19.578 |-DEBUG [http-nio-8080-exec-2] org.springframework.web.servlet.DispatcherServlet [91] -| GET "/show?name=1&age-2", parameters={masked}
2020-03-03 13:32:19.579 |-DEBUG [http-nio-8080-exec-2] org.springframework.web.servlet.mvc.method.annotation.RequestMappingHandlerMapping [414] -| Mapped to com.ymdx.web.TestController#show(String, String)
2020-03-03 13:32:19.582 |-DEBUG [http-nio-8080-exec-2] org.springframework.web.servlet.mvc.method.annotation.RequestResponseBodyMethodProcessor [273] -| Using 'text/html', given [text/html, application/xhtml+xml, image/webp, image/apng, application/xml;q=0.9, application/signed-exchange;v=b3;q=0.9, */*;q=0.8] and supported [text/plain, */*, text/plain, */*, application/json, application/*+json, application/json, application/*+json]
2020-03-03 13:32:19.582 |-DEBUG [http-nio-8080-exec-2] org.springframework.web.servlet.mvc.method.annotation.RequestResponseBodyMethodProcessor [91] -| Writing ["name = 1; age = null"]
2020-03-03 13:32:19.583 |-DEBUG [http-nio-8080-exec-2] org.springframework.web.servlet.DispatcherServlet [1131] -| Completed 200 OK
