2020-02-25-14-08 [background-preinit] [org.hibernate.validator.internal.util.Version] [INFO] - HV000001: Hibernate Validator 6.0.18.Final
2020-02-25-14-08 [restartedMain] [com.ymdx.App] [INFO] - Starting App on lizhongyideMacBook-Pro.local with PID 23945 (/Users/zhongyi/workspace/study-mt/ymdx-springboot/springboot-log4j/target/classes started by zhongyi in /Users/zhongyi/workspace/study-mt/ymdx-springboot)
2020-02-25-14-08 [restartedMain] [com.ymdx.App] [INFO] - No active profile set, falling back to default profiles: default
2020-02-25-14-08 [restartedMain] [org.springframework.boot.devtools.env.DevToolsPropertyDefaultsPostProcessor] [INFO] - Devtools property defaults active! Set 'spring.devtools.add-properties' to 'false' to disable
2020-02-25-14-08 [restartedMain] [org.springframework.boot.devtools.env.DevToolsPropertyDefaultsPostProcessor] [INFO] - For additional web related logging consider setting the 'logging.level.web' property to 'DEBUG'
2020-02-25-14-08 [restartedMain] [org.springframework.boot.web.embedded.tomcat.TomcatWebServer] [INFO] - Tomcat initialized with port(s): 8080 (http)
2020-02-25-14-08 [restartedMain] [org.springframework.web.context.ContextLoader] [INFO] - Root WebApplicationContext: initialization completed in 651 ms
2020-02-25-14-08 [restartedMain] [org.springframework.scheduling.concurrent.ThreadPoolTaskExecutor] [INFO] - Initializing ExecutorService 'applicationTaskExecutor'
2020-02-25-14-08 [restartedMain] [org.springframework.boot.devtools.autoconfigure.OptionalLiveReloadServer] [INFO] - LiveReload server is running on port 35729
2020-02-25-14-08 [restartedMain] [org.springframework.boot.web.embedded.tomcat.TomcatWebServer] [INFO] - Tomcat started on port(s): 8080 (http) with context path ''
2020-02-25-14-08 [restartedMain] [com.ymdx.App] [INFO] - Started App in 1.113 seconds (JVM running for 1.989)
2020-02-25-14-09 [http-nio-8080-exec-1] [org.springframework.web.servlet.DispatcherServlet] [INFO] - Initializing Servlet 'dispatcherServlet'
2020-02-25-14-09 [http-nio-8080-exec-1] [org.springframework.web.servlet.DispatcherServlet] [INFO] - Completed initialization in 4 ms
2020-02-25-14-09 [SpringContextShutdownHook] [org.springframework.scheduling.concurrent.ThreadPoolTaskExecutor] [INFO] - Shutting down ExecutorService 'applicationTaskExecutor'
2020-02-25-14-09 [background-preinit] [org.hibernate.validator.internal.util.Version] [INFO] - HV000001: Hibernate Validator 6.0.18.Final
2020-02-25-14-09 [restartedMain] [com.ymdx.App] [INFO] - Starting App on lizhongyideMacBook-Pro.local with PID 23974 (/Users/zhongyi/workspace/study-mt/ymdx-springboot/springboot-log4j/target/classes started by zhongyi in /Users/zhongyi/workspace/study-mt/ymdx-springboot)
2020-02-25-14-09 [restartedMain] [com.ymdx.App] [INFO] - No active profile set, falling back to default profiles: default
2020-02-25-14-09 [restartedMain] [org.springframework.boot.devtools.env.DevToolsPropertyDefaultsPostProcessor] [INFO] - Devtools property defaults active! Set 'spring.devtools.add-properties' to 'false' to disable
2020-02-25-14-09 [restartedMain] [org.springframework.boot.devtools.env.DevToolsPropertyDefaultsPostProcessor] [INFO] - For additional web related logging consider setting the 'logging.level.web' property to 'DEBUG'
2020-02-25-14-09 [restartedMain] [org.springframework.boot.web.embedded.tomcat.TomcatWebServer] [INFO] - Tomcat initialized with port(s): 8080 (http)
2020-02-25-14-09 [restartedMain] [org.springframework.web.context.ContextLoader] [INFO] - Root WebApplicationContext: initialization completed in 651 ms
2020-02-25-14-09 [restartedMain] [org.springframework.scheduling.concurrent.ThreadPoolTaskExecutor] [INFO] - Initializing ExecutorService 'applicationTaskExecutor'
2020-02-25-14-09 [restartedMain] [org.springframework.boot.devtools.autoconfigure.OptionalLiveReloadServer] [INFO] - LiveReload server is running on port 35729
2020-02-25-14-09 [restartedMain] [org.springframework.boot.web.embedded.tomcat.TomcatWebServer] [INFO] - Tomcat started on port(s): 8080 (http) with context path ''
2020-02-25-14-09 [restartedMain] [com.ymdx.App] [INFO] - Started App in 1.19 seconds (JVM running for 1.621)
2020-02-25-14-10 [http-nio-8080-exec-1] [org.springframework.web.servlet.DispatcherServlet] [INFO] - Initializing Servlet 'dispatcherServlet'
2020-02-25-14-10 [http-nio-8080-exec-1] [org.springframework.web.servlet.DispatcherServlet] [INFO] - Completed initialization in 4 ms
2020-02-25-14-10 [http-nio-8080-exec-1] [com.ymdx.web.Log4jController] [INFO] - info日志
2020-02-25-14-10 [http-nio-8080-exec-1] [com.ymdx.web.Log4jController] [WARN] - warn日志
2020-02-25-14-10 [http-nio-8080-exec-1] [com.ymdx.web.Log4jController] [ERROR] - error日志***
2020-02-25-14-10 [SpringContextShutdownHook] [org.springframework.scheduling.concurrent.ThreadPoolTaskExecutor] [INFO] - Shutting down ExecutorService 'applicationTaskExecutor'
2020-02-25-14-48 [background-preinit] [org.hibernate.validator.internal.util.Version] [INFO] - HV000001: Hibernate Validator 6.0.18.Final
2020-02-25-14-48 [restartedMain] [com.ymdx.App] [INFO] - Starting App on lizhongyideMacBook-Pro.local with PID 24680 (/Users/zhongyi/workspace/study-mt/ymdx-springboot/springboot-log4j/target/classes started by zhongyi in /Users/zhongyi/workspace/study-mt/ymdx-springboot)
2020-02-25-14-48 [restartedMain] [com.ymdx.App] [INFO] - No active profile set, falling back to default profiles: default
2020-02-25-14-48 [restartedMain] [org.springframework.boot.devtools.env.DevToolsPropertyDefaultsPostProcessor] [INFO] - Devtools property defaults active! Set 'spring.devtools.add-properties' to 'false' to disable
2020-02-25-14-48 [restartedMain] [org.springframework.boot.devtools.env.DevToolsPropertyDefaultsPostProcessor] [INFO] - For additional web related logging consider setting the 'logging.level.web' property to 'DEBUG'
2020-02-25-14-48 [restartedMain] [org.springframework.boot.web.embedded.tomcat.TomcatWebServer] [INFO] - Tomcat initialized with port(s): 8080 (http)
2020-02-25-14-48 [restartedMain] [org.springframework.web.context.ContextLoader] [INFO] - Root WebApplicationContext: initialization completed in 693 ms
2020-02-25-14-48 [restartedMain] [org.springframework.scheduling.concurrent.ThreadPoolTaskExecutor] [INFO] - Initializing ExecutorService 'applicationTaskExecutor'
2020-02-25-14-48 [restartedMain] [org.springframework.boot.devtools.autoconfigure.OptionalLiveReloadServer] [INFO] - LiveReload server is running on port 35729
2020-02-25-14-48 [restartedMain] [org.springframework.boot.web.embedded.tomcat.TomcatWebServer] [INFO] - Tomcat started on port(s): 8080 (http) with context path ''
2020-02-25-14-48 [restartedMain] [com.ymdx.App] [INFO] - Started App in 1.198 seconds (JVM running for 1.774)
2020-02-25-14-48 [http-nio-8080-exec-1] [org.springframework.web.servlet.DispatcherServlet] [INFO] - Initializing Servlet 'dispatcherServlet'
2020-02-25-14-48 [http-nio-8080-exec-1] [org.springframework.web.servlet.DispatcherServlet] [INFO] - Completed initialization in 4 ms
2020-02-25-14-48 [SpringContextShutdownHook] [org.springframework.scheduling.concurrent.ThreadPoolTaskExecutor] [INFO] - Shutting down ExecutorService 'applicationTaskExecutor'
